09:54:31:  ERROR - Cookie_Page.cs::searchIdCliente()
09:54:31: - MSG:El valor no puede ser nulo.
Nombre del parámetro: String
09:54:31: - INNEREXC:
12:05:43:  ERROR - Cookie_Page.cs::searchIdCliente()
12:05:43: - MSG:El valor no puede ser nulo.
Nombre del parámetro: String
12:05:43: - INNEREXC:
13:40:36:  ERROR - Cookie_Page.cs::searchIdCliente()
13:40:36: - MSG:El valor no puede ser nulo.
Nombre del parámetro: String
13:40:36: - INNEREXC:
14:58:20:  ERROR - Se ha producido un error al añadir la suscripción al usuario 42672
16:37:58:  ERROR - Cookie_Page.cs::searchIdCliente()
16:37:58: - MSG:El valor no puede ser nulo.
Nombre del parámetro: String
16:37:58: - INNEREXC:
17:50:52:  ERROR - Cookie_Page.cs::searchIdCliente()
17:50:52: - MSG:El valor no puede ser nulo.
Nombre del parámetro: String
17:50:53: - INNEREXC:
